<?xml version="1.0" encoding="UTF-8"?>
<!-- Generated by org.testng.reporters.JUnitReportReporter -->
<testsuite skipped="0" hostname="LAPTOP-AHDC5D8A" name="com.test.testngclass.NewTest" tests="1" failures="0" timestamp="2022-05-30T23:17:51 IST" time="0.005" errors="0">
  <testcase name="f" time="0.005" classname="com.test.testngclass.NewTest"/>
  <system-out/>
</testsuite> <!-- com.test.testngclass.NewTest -->
